<?xml version="1.0" encoding="UTF-8" ?>
<testsuite failures="0" time="91.749" errors="0" skipped="0" tests="15" name="TestSuite">
  <properties>
[...]
</properties>
  <testcase time="4.953" classname="tests.SmokeTest" name="test_Login"/>
  <testcase time="1.453" classname="tests.SmokeTest" name="test_Login"/>
  <testcase time="1" classname="tests.SmokeTest" name="test_Login"/>
  <testcase time="6.859" classname="tests.SmokeTest" name="test_CreateMessage"/>
  <testcase time="15" classname="tests.SmokeTest" name="test_SendMessage"/>
  <testcase time="4.297" classname="tests.SmokeTest" name="test_OpenInboxMessage"/>
  <testcase time="10.125" classname="tests.SmokeTest" name="test_ReplyToMessage"/>
  <testcase time="8.313" classname="tests.SmokeTest" name="test_ForwardInboxMessage"/>
  <testcase time="5.14" classname="tests.SmokeTest" name="test_Read_And_Move_ToTrash"/>
  <testcase time="4.297" classname="tests.SmokeTest" name="test_Move_FromInboxList_ToTrash"/>
  <testcase time="4.344" classname="tests.SmokeTest" name="test_Recover_FromTrashList_ToInbox"/>
  <testcase time="3.562" classname="tests.SmokeTest" name="test_Move_FromInboxList_ToSpam"/>
  <testcase time="3.75" classname="tests.SmokeTest" name="test_Recover_FromSpamList_ToInbox"/>
  <testcase time="6.219" classname="tests.SmokeTest" name="test_DragAndDrop_InboxToSpam"/>
  <testcase time="12.437" classname="tests.SmokeTest" name="test_Send_With_Attachment"/>
</testsuite>