<?xml version="1.0" encoding="UTF-8"?>
<testng-results skipped="0" failed="4" total="14" passed="10">
  <reporter-output>
  </reporter-output>
  <suite name="Suite" duration-ms="72578" started-at="2015-09-10T13:41:49Z" finished-at="2015-09-10T13:43:01Z">
    <groups>
    </groups>
    <test name="Test" duration-ms="72578" started-at="2015-09-10T13:41:49Z" finished-at="2015-09-10T13:43:01Z">
      <class name="tests.SmokeTest">
        <test-method status="PASS" signature="setup()[pri:0, instance:tests.SmokeTest@ff366c]" name="setup" is-config="true" duration-ms="3718" started-at="2015-09-10T16:41:49Z" finished-at="2015-09-10T16:41:52Z">
          <reporter-output>
          </reporter-output>
        </test-method> <!-- setup -->
        <test-method status="PASS" signature="testRegPageEmptyFieldsErrorHandling()[pri:0, instance:tests.SmokeTest@ff366c]" name="testRegPageEmptyFieldsErrorHandling" duration-ms="1657" started-at="2015-09-10T16:41:52Z" description="Checking error messages on the Registration page - &#039;Empty fields&#039;" finished-at="2015-09-10T16:41:54Z">
          <reporter-output>
          </reporter-output>
        </test-method> <!-- testRegPageEmptyFieldsErrorHandling -->
        <test-method status="PASS" signature="newSoftAssertObject()[pri:0, instance:tests.SmokeTest@ff366c]" name="newSoftAssertObject" is-config="true" duration-ms="0" started-at="2015-09-10T16:41:52Z" finished-at="2015-09-10T16:41:52Z">
          <reporter-output>
          </reporter-output>
        </test-method> <!-- newSoftAssertObject -->
        <test-method status="PASS" signature="newSoftAssertObject()[pri:0, instance:tests.SmokeTest@ff366c]" name="newSoftAssertObject" is-config="true" duration-ms="0" started-at="2015-09-10T16:41:54Z" finished-at="2015-09-10T16:41:54Z">
          <reporter-output>
          </reporter-output>
        </test-method> <!-- newSoftAssertObject -->
        <test-method status="PASS" signature="testCheckRegistrationLinks()[pri:0, instance:tests.SmokeTest@ff366c]" name="testCheckRegistrationLinks" duration-ms="1500" started-at="2015-09-10T16:41:54Z" description="Registration links should be equal and correct" finished-at="2015-09-10T16:41:56Z">
          <reporter-output>
          </reporter-output>
        </test-method> <!-- testCheckRegistrationLinks -->
        <test-method status="FAIL" signature="testRegistration()[pri:0, instance:tests.SmokeTest@ff366c]" name="testRegistration" duration-ms="1500" started-at="2015-09-10T16:41:56Z" description="UnSuccessful registration" finished-at="2015-09-10T16:41:57Z">
          <exception class="java.lang.NullPointerException">
            <full-stacktrace>
              <![CDATA[java.lang.NullPointerException
	at tests.SmokeTest.testRegistration(SmokeTest.java:117)
	at sun.reflect.NativeMethodAccessorImpl.invoke0(Native Method)
	at sun.reflect.NativeMethodAccessorImpl.invoke(Unknown Source)
	at sun.reflect.DelegatingMethodAccessorImpl.invoke(Unknown Source)
	at java.lang.reflect.Method.invoke(Unknown Source)
	at org.testng.internal.MethodInvocationHelper.invokeMethod(MethodInvocationHelper.java:85)
	at org.testng.internal.Invoker.invokeMethod(Invoker.java:659)
	at org.testng.internal.Invoker.invokeTestMethod(Invoker.java:845)
	at org.testng.internal.Invoker.invokeTestMethods(Invoker.java:1153)
	at org.testng.internal.TestMethodWorker.invokeTestMethods(TestMethodWorker.java:125)
	at org.testng.internal.TestMethodWorker.run(TestMethodWorker.java:108)
	at org.testng.TestRunner.privateRun(TestRunner.java:771)
	at org.testng.TestRunner.run(TestRunner.java:621)
	at org.testng.SuiteRunner.runTest(SuiteRunner.java:357)
	at org.testng.SuiteRunner.runSequentially(SuiteRunner.java:352)
	at org.testng.SuiteRunner.privateRun(SuiteRunner.java:310)
	at org.testng.SuiteRunner.run(SuiteRunner.java:259)
	at org.testng.SuiteRunnerWorker.runSuite(SuiteRunnerWorker.java:52)
	at org.testng.SuiteRunnerWorker.run(SuiteRunnerWorker.java:86)
	at org.testng.TestNG.runSuitesSequentially(TestNG.java:1199)
	at org.testng.TestNG.runSuitesLocally(TestNG.java:1124)
	at org.testng.TestNG.run(TestNG.java:1032)
	at org.apache.maven.surefire.testng.TestNGExecutor.run(TestNGExecutor.java:178)
	at org.apache.maven.surefire.testng.TestNGXmlTestSuite.execute(TestNGXmlTestSuite.java:92)
	at org.apache.maven.surefire.testng.TestNGProvider.invoke(TestNGProvider.java:96)
	at sun.reflect.NativeMethodAccessorImpl.invoke0(Native Method)
	at sun.reflect.NativeMethodAccessorImpl.invoke(Unknown Source)
	at sun.reflect.DelegatingMethodAccessorImpl.invoke(Unknown Source)
	at java.lang.reflect.Method.invoke(Unknown Source)
	at org.apache.maven.surefire.util.ReflectionUtils.invokeMethodWithArray2(ReflectionUtils.java:208)
	at org.apache.maven.surefire.booter.ProviderFactory$ProviderProxy.invoke(ProviderFactory.java:158)
	at org.apache.maven.surefire.booter.ProviderFactory.invokeProvider(ProviderFactory.java:86)
	at org.apache.maven.surefire.booter.ForkedBooter.runSuitesInProcess(ForkedBooter.java:153)
	at org.apache.maven.surefire.booter.ForkedBooter.main(ForkedBooter.java:95)
]]>
            </full-stacktrace>
          </exception> <!-- java.lang.NullPointerException -->
          <reporter-output>
          </reporter-output>
        </test-method> <!-- testRegistration -->
        <test-method status="PASS" signature="newSoftAssertObject()[pri:0, instance:tests.SmokeTest@ff366c]" name="newSoftAssertObject" is-config="true" duration-ms="0" started-at="2015-09-10T16:41:56Z" finished-at="2015-09-10T16:41:56Z">
          <reporter-output>
          </reporter-output>
        </test-method> <!-- newSoftAssertObject -->
        <test-method status="PASS" signature="newSoftAssertObject()[pri:0, instance:tests.SmokeTest@ff366c]" name="newSoftAssertObject" is-config="true" duration-ms="0" started-at="2015-09-10T16:41:57Z" finished-at="2015-09-10T16:41:57Z">
          <reporter-output>
          </reporter-output>
        </test-method> <!-- newSoftAssertObject -->
        <test-method status="FAIL" signature="testLogin(java.lang.String, java.lang.String, java.lang.String)[pri:0, instance:tests.SmokeTest@ff366c]" name="testLogin" duration-ms="4235" started-at="2015-09-10T16:41:57Z" description="As a User I can login only with valid credentials" data-provider="login" finished-at="2015-09-10T16:42:01Z">
          <params>
            <param index="0">
              <value>
                <![CDATA[tester0667804531]]>
              </value>
            </param>
            <param index="1">
              <value>
                <![CDATA[p455word]]>
              </value>
            </param>
            <param index="2">
              <value>
                <![CDATA[Valid credentials]]>
              </value>
            </param>
          </params>
          <exception class="java.lang.AssertionError">
            <message>
              <![CDATA[The following asserts failed:
Inbox folder link is missing! expected [false] but found [true]]]>
            </message>
            <full-stacktrace>
              <![CDATA[java.lang.AssertionError: The following asserts failed:
Inbox folder link is missing! expected [false] but found [true]
	at org.testng.asserts.SoftAssert.assertAll(SoftAssert.java:38)
	at tests.SmokeTest.testLogin(SmokeTest.java:167)
	at sun.reflect.NativeMethodAccessorImpl.invoke0(Native Method)
	at sun.reflect.NativeMethodAccessorImpl.invoke(Unknown Source)
	at sun.reflect.DelegatingMethodAccessorImpl.invoke(Unknown Source)
	at java.lang.reflect.Method.invoke(Unknown Source)
	at org.testng.internal.MethodInvocationHelper.invokeMethod(MethodInvocationHelper.java:85)
	at org.testng.internal.Invoker.invokeMethod(Invoker.java:659)
	at org.testng.internal.Invoker.invokeTestMethod(Invoker.java:845)
	at org.testng.internal.Invoker.invokeTestMethods(Invoker.java:1153)
	at org.testng.internal.TestMethodWorker.invokeTestMethods(TestMethodWorker.java:125)
	at org.testng.internal.TestMethodWorker.run(TestMethodWorker.java:108)
	at org.testng.TestRunner.privateRun(TestRunner.java:771)
	at org.testng.TestRunner.run(TestRunner.java:621)
	at org.testng.SuiteRunner.runTest(SuiteRunner.java:357)
	at org.testng.SuiteRunner.runSequentially(SuiteRunner.java:352)
	at org.testng.SuiteRunner.privateRun(SuiteRunner.java:310)
	at org.testng.SuiteRunner.run(SuiteRunner.java:259)
	at org.testng.SuiteRunnerWorker.runSuite(SuiteRunnerWorker.java:52)
	at org.testng.SuiteRunnerWorker.run(SuiteRunnerWorker.java:86)
	at org.testng.TestNG.runSuitesSequentially(TestNG.java:1199)
	at org.testng.TestNG.runSuitesLocally(TestNG.java:1124)
	at org.testng.TestNG.run(TestNG.java:1032)
	at org.apache.maven.surefire.testng.TestNGExecutor.run(TestNGExecutor.java:178)
	at org.apache.maven.surefire.testng.TestNGXmlTestSuite.execute(TestNGXmlTestSuite.java:92)
	at org.apache.maven.surefire.testng.TestNGProvider.invoke(TestNGProvider.java:96)
	at sun.reflect.NativeMethodAccessorImpl.invoke0(Native Method)
	at sun.reflect.NativeMethodAccessorImpl.invoke(Unknown Source)
	at sun.reflect.DelegatingMethodAccessorImpl.invoke(Unknown Source)
	at java.lang.reflect.Method.invoke(Unknown Source)
	at org.apache.maven.surefire.util.ReflectionUtils.invokeMethodWithArray2(ReflectionUtils.java:208)
	at org.apache.maven.surefire.booter.ProviderFactory$ProviderProxy.invoke(ProviderFactory.java:158)
	at org.apache.maven.surefire.booter.ProviderFactory.invokeProvider(ProviderFactory.java:86)
	at org.apache.maven.surefire.booter.ForkedBooter.runSuitesInProcess(ForkedBooter.java:153)
	at org.apache.maven.surefire.booter.ForkedBooter.main(ForkedBooter.java:95)
]]>
            </full-stacktrace>
          </exception> <!-- java.lang.AssertionError -->
          <reporter-output>
          </reporter-output>
        </test-method> <!-- testLogin -->
        <test-method status="PASS" signature="newSoftAssertObject()[pri:0, instance:tests.SmokeTest@ff366c]" name="newSoftAssertObject" is-config="true" duration-ms="0" started-at="2015-09-10T16:42:01Z" finished-at="2015-09-10T16:42:01Z">
          <reporter-output>
          </reporter-output>
        </test-method> <!-- newSoftAssertObject -->
        <test-method status="PASS" signature="testLogin(java.lang.String, java.lang.String, java.lang.String)[pri:0, instance:tests.SmokeTest@ff366c]" name="testLogin" duration-ms="1093" started-at="2015-09-10T16:42:01Z" description="As a User I can login only with valid credentials" data-provider="login" finished-at="2015-09-10T16:42:02Z">
          <params>
            <param index="0">
              <value>
                <![CDATA[tester0667804531]]>
              </value>
            </param>
            <param index="1">
              <value>
                <![CDATA[wrong_pass]]>
              </value>
            </param>
            <param index="2">
              <value>
                <![CDATA[Неверно указан логин или пароль. Подробнее]]>
              </value>
            </param>
          </params>
          <reporter-output>
          </reporter-output>
        </test-method> <!-- testLogin -->
        <test-method status="FAIL" signature="testLogin(java.lang.String, java.lang.String, java.lang.String)[pri:0, instance:tests.SmokeTest@ff366c]" name="testLogin" duration-ms="1000" started-at="2015-09-10T16:42:02Z" description="As a User I can login only with valid credentials" data-provider="login" finished-at="2015-09-10T16:42:03Z">
          <params>
            <param index="0">
              <value>
                <![CDATA[wrong_login_name]]>
              </value>
            </param>
            <param index="1">
              <value>
                <![CDATA[p455word]]>
              </value>
            </param>
            <param index="2">
              <value>
                <![CDATA[Неверно указан логин или пароль. Подробнее ]]>
              </value>
            </param>
          </params>
          <exception class="java.lang.AssertionError">
            <message>
              <![CDATA[The following asserts failed:
Something wrong with Error messsage! expected [Неверно указан логин или пароль. Подробнее ] but found [Неверно указан логин или пароль. Подробнее]]]>
            </message>
            <full-stacktrace>
              <![CDATA[java.lang.AssertionError: The following asserts failed:
Something wrong with Error messsage! expected [Неверно указан логин или пароль. Подробнее ] but found [Неверно указан логин или пароль. Подробнее]
	at org.testng.asserts.SoftAssert.assertAll(SoftAssert.java:38)
	at tests.SmokeTest.testLogin(SmokeTest.java:167)
	at sun.reflect.NativeMethodAccessorImpl.invoke0(Native Method)
	at sun.reflect.NativeMethodAccessorImpl.invoke(Unknown Source)
	at sun.reflect.DelegatingMethodAccessorImpl.invoke(Unknown Source)
	at java.lang.reflect.Method.invoke(Unknown Source)
	at org.testng.internal.MethodInvocationHelper.invokeMethod(MethodInvocationHelper.java:85)
	at org.testng.internal.Invoker.invokeMethod(Invoker.java:659)
	at org.testng.internal.Invoker.invokeTestMethod(Invoker.java:845)
	at org.testng.internal.Invoker.invokeTestMethods(Invoker.java:1153)
	at org.testng.internal.TestMethodWorker.invokeTestMethods(TestMethodWorker.java:125)
	at org.testng.internal.TestMethodWorker.run(TestMethodWorker.java:108)
	at org.testng.TestRunner.privateRun(TestRunner.java:771)
	at org.testng.TestRunner.run(TestRunner.java:621)
	at org.testng.SuiteRunner.runTest(SuiteRunner.java:357)
	at org.testng.SuiteRunner.runSequentially(SuiteRunner.java:352)
	at org.testng.SuiteRunner.privateRun(SuiteRunner.java:310)
	at org.testng.SuiteRunner.run(SuiteRunner.java:259)
	at org.testng.SuiteRunnerWorker.runSuite(SuiteRunnerWorker.java:52)
	at org.testng.SuiteRunnerWorker.run(SuiteRunnerWorker.java:86)
	at org.testng.TestNG.runSuitesSequentially(TestNG.java:1199)
	at org.testng.TestNG.runSuitesLocally(TestNG.java:1124)
	at org.testng.TestNG.run(TestNG.java:1032)
	at org.apache.maven.surefire.testng.TestNGExecutor.run(TestNGExecutor.java:178)
	at org.apache.maven.surefire.testng.TestNGXmlTestSuite.execute(TestNGXmlTestSuite.java:92)
	at org.apache.maven.surefire.testng.TestNGProvider.invoke(TestNGProvider.java:96)
	at sun.reflect.NativeMethodAccessorImpl.invoke0(Native Method)
	at sun.reflect.NativeMethodAccessorImpl.invoke(Unknown Source)
	at sun.reflect.DelegatingMethodAccessorImpl.invoke(Unknown Source)
	at java.lang.reflect.Method.invoke(Unknown Source)
	at org.apache.maven.surefire.util.ReflectionUtils.invokeMethodWithArray2(ReflectionUtils.java:208)
	at org.apache.maven.surefire.booter.ProviderFactory$ProviderProxy.invoke(ProviderFactory.java:158)
	at org.apache.maven.surefire.booter.ProviderFactory.invokeProvider(ProviderFactory.java:86)
	at org.apache.maven.surefire.booter.ForkedBooter.runSuitesInProcess(ForkedBooter.java:153)
	at org.apache.maven.surefire.booter.ForkedBooter.main(ForkedBooter.java:95)
]]>
            </full-stacktrace>
          </exception> <!-- java.lang.AssertionError -->
          <reporter-output>
          </reporter-output>
        </test-method> <!-- testLogin -->
        <test-method status="PASS" signature="newSoftAssertObject()[pri:0, instance:tests.SmokeTest@ff366c]" name="newSoftAssertObject" is-config="true" duration-ms="0" started-at="2015-09-10T16:42:02Z" finished-at="2015-09-10T16:42:02Z">
          <reporter-output>
          </reporter-output>
        </test-method> <!-- newSoftAssertObject -->
        <test-method status="PASS" signature="testCreateMessage()[pri:0, instance:tests.SmokeTest@ff366c]" name="testCreateMessage" duration-ms="5735" started-at="2015-09-10T16:42:03Z" description="As a User I can create a message(it&#039;s stored in Drafts automatically)" finished-at="2015-09-10T16:42:09Z">
          <reporter-output>
          </reporter-output>
        </test-method> <!-- testCreateMessage -->
        <test-method status="PASS" signature="newSoftAssertObject()[pri:0, instance:tests.SmokeTest@ff366c]" name="newSoftAssertObject" is-config="true" duration-ms="0" started-at="2015-09-10T16:42:03Z" finished-at="2015-09-10T16:42:03Z">
          <reporter-output>
          </reporter-output>
        </test-method> <!-- newSoftAssertObject -->
        <test-method status="PASS" signature="testSendMessage()[pri:0, instance:tests.SmokeTest@ff366c]" name="testSendMessage" duration-ms="13968" started-at="2015-09-10T16:42:09Z" description="As a User I can send a message (it&#039;s stored in Sent automatically)" finished-at="2015-09-10T16:42:23Z">
          <reporter-output>
          </reporter-output>
        </test-method> <!-- testSendMessage -->
        <test-method status="PASS" signature="newSoftAssertObject()[pri:0, instance:tests.SmokeTest@ff366c]" name="newSoftAssertObject" is-config="true" duration-ms="0" started-at="2015-09-10T16:42:09Z" finished-at="2015-09-10T16:42:09Z">
          <reporter-output>
          </reporter-output>
        </test-method> <!-- newSoftAssertObject -->
        <test-method status="PASS" signature="testOpenInboxMessage()[pri:0, instance:tests.SmokeTest@ff366c]" name="testOpenInboxMessage" duration-ms="5610" started-at="2015-09-10T16:42:23Z" description="As a User I can open inbox message from list" finished-at="2015-09-10T16:42:29Z">
          <reporter-output>
          </reporter-output>
        </test-method> <!-- testOpenInboxMessage -->
        <test-method status="PASS" signature="newSoftAssertObject()[pri:0, instance:tests.SmokeTest@ff366c]" name="newSoftAssertObject" is-config="true" duration-ms="0" started-at="2015-09-10T16:42:23Z" finished-at="2015-09-10T16:42:23Z">
          <reporter-output>
          </reporter-output>
        </test-method> <!-- newSoftAssertObject -->
        <test-method status="PASS" signature="testReplyToMessage()[pri:0, instance:tests.SmokeTest@ff366c]" name="testReplyToMessage" duration-ms="10594" started-at="2015-09-10T16:42:29Z" description="As a User I can reply to inbox message" finished-at="2015-09-10T16:42:39Z">
          <reporter-output>
          </reporter-output>
        </test-method> <!-- testReplyToMessage -->
        <test-method status="PASS" signature="newSoftAssertObject()[pri:0, instance:tests.SmokeTest@ff366c]" name="newSoftAssertObject" is-config="true" duration-ms="0" started-at="2015-09-10T16:42:29Z" finished-at="2015-09-10T16:42:29Z">
          <reporter-output>
          </reporter-output>
        </test-method> <!-- newSoftAssertObject -->
        <test-method status="PASS" signature="testForwardInboxMessage()[pri:0, instance:tests.SmokeTest@ff366c]" name="testForwardInboxMessage" duration-ms="7875" started-at="2015-09-10T16:42:39Z" description="As a User I can forward inbox message" finished-at="2015-09-10T16:42:47Z">
          <reporter-output>
          </reporter-output>
        </test-method> <!-- testForwardInboxMessage -->
        <test-method status="PASS" signature="newSoftAssertObject()[pri:0, instance:tests.SmokeTest@ff366c]" name="newSoftAssertObject" is-config="true" duration-ms="0" started-at="2015-09-10T16:42:39Z" finished-at="2015-09-10T16:42:39Z">
          <reporter-output>
          </reporter-output>
        </test-method> <!-- newSoftAssertObject -->
        <test-method status="PASS" signature="newSoftAssertObject()[pri:0, instance:tests.SmokeTest@ff366c]" name="newSoftAssertObject" is-config="true" duration-ms="0" started-at="2015-09-10T16:42:47Z" finished-at="2015-09-10T16:42:47Z">
          <reporter-output>
          </reporter-output>
        </test-method> <!-- newSoftAssertObject -->
        <test-method status="FAIL" signature="testMoveToTrashFromInboxList()[pri:0, instance:tests.SmokeTest@ff366c]" name="testMoveToTrashFromInboxList" duration-ms="4703" started-at="2015-09-10T16:42:47Z" description="As a User I can move a message to Trash strait from Inbox-list " finished-at="2015-09-10T16:42:52Z">
          <exception class="java.lang.AssertionError">
            <message>
              <![CDATA[The following asserts failed:
testMoveToTrashFromInboxList failed expected [false] but found [true]]]>
            </message>
            <full-stacktrace>
              <![CDATA[java.lang.AssertionError: The following asserts failed:
testMoveToTrashFromInboxList failed expected [false] but found [true]
	at org.testng.asserts.SoftAssert.assertAll(SoftAssert.java:38)
	at tests.SmokeTest.testMoveToTrashFromInboxList(SmokeTest.java:255)
	at sun.reflect.NativeMethodAccessorImpl.invoke0(Native Method)
	at sun.reflect.NativeMethodAccessorImpl.invoke(Unknown Source)
	at sun.reflect.DelegatingMethodAccessorImpl.invoke(Unknown Source)
	at java.lang.reflect.Method.invoke(Unknown Source)
	at org.testng.internal.MethodInvocationHelper.invokeMethod(MethodInvocationHelper.java:85)
	at org.testng.internal.Invoker.invokeMethod(Invoker.java:659)
	at org.testng.internal.Invoker.invokeTestMethod(Invoker.java:845)
	at org.testng.internal.Invoker.invokeTestMethods(Invoker.java:1153)
	at org.testng.internal.TestMethodWorker.invokeTestMethods(TestMethodWorker.java:125)
	at org.testng.internal.TestMethodWorker.run(TestMethodWorker.java:108)
	at org.testng.TestRunner.privateRun(TestRunner.java:771)
	at org.testng.TestRunner.run(TestRunner.java:621)
	at org.testng.SuiteRunner.runTest(SuiteRunner.java:357)
	at org.testng.SuiteRunner.runSequentially(SuiteRunner.java:352)
	at org.testng.SuiteRunner.privateRun(SuiteRunner.java:310)
	at org.testng.SuiteRunner.run(SuiteRunner.java:259)
	at org.testng.SuiteRunnerWorker.runSuite(SuiteRunnerWorker.java:52)
	at org.testng.SuiteRunnerWorker.run(SuiteRunnerWorker.java:86)
	at org.testng.TestNG.runSuitesSequentially(TestNG.java:1199)
	at org.testng.TestNG.runSuitesLocally(TestNG.java:1124)
	at org.testng.TestNG.run(TestNG.java:1032)
	at org.apache.maven.surefire.testng.TestNGExecutor.run(TestNGExecutor.java:178)
	at org.apache.maven.surefire.testng.TestNGXmlTestSuite.execute(TestNGXmlTestSuite.java:92)
	at org.apache.maven.surefire.testng.TestNGProvider.invoke(TestNGProvider.java:96)
	at sun.reflect.NativeMethodAccessorImpl.invoke0(Native Method)
	at sun.reflect.NativeMethodAccessorImpl.invoke(Unknown Source)
	at sun.reflect.DelegatingMethodAccessorImpl.invoke(Unknown Source)
	at java.lang.reflect.Method.invoke(Unknown Source)
	at org.apache.maven.surefire.util.ReflectionUtils.invokeMethodWithArray2(ReflectionUtils.java:208)
	at org.apache.maven.surefire.booter.ProviderFactory$ProviderProxy.invoke(ProviderFactory.java:158)
	at org.apache.maven.surefire.booter.ProviderFactory.invokeProvider(ProviderFactory.java:86)
	at org.apache.maven.surefire.booter.ForkedBooter.runSuitesInProcess(ForkedBooter.java:153)
	at org.apache.maven.surefire.booter.ForkedBooter.main(ForkedBooter.java:95)
]]>
            </full-stacktrace>
          </exception> <!-- java.lang.AssertionError -->
          <reporter-output>
          </reporter-output>
        </test-method> <!-- testMoveToTrashFromInboxList -->
        <test-method status="PASS" signature="testReadAndMoveToTrash()[pri:0, instance:tests.SmokeTest@ff366c]" name="testReadAndMoveToTrash" duration-ms="4890" started-at="2015-09-10T16:42:52Z" description="As a User I can delete inbox message to Trash while it&#039;s opened)" finished-at="2015-09-10T16:42:57Z">
          <reporter-output>
          </reporter-output>
        </test-method> <!-- testReadAndMoveToTrash -->
        <test-method status="PASS" signature="newSoftAssertObject()[pri:0, instance:tests.SmokeTest@ff366c]" name="newSoftAssertObject" is-config="true" duration-ms="0" started-at="2015-09-10T16:42:52Z" finished-at="2015-09-10T16:42:52Z">
          <reporter-output>
          </reporter-output>
        </test-method> <!-- newSoftAssertObject -->
        <test-method status="PASS" signature="testRecoverFromTrashToInbox()[pri:0, instance:tests.SmokeTest@ff366c]" name="testRecoverFromTrashToInbox" duration-ms="4032" started-at="2015-09-10T16:42:57Z" description="As a User I can recover message from Trash-list back to Inbox" finished-at="2015-09-10T16:43:01Z">
          <reporter-output>
          </reporter-output>
        </test-method> <!-- testRecoverFromTrashToInbox -->
        <test-method status="PASS" signature="newSoftAssertObject()[pri:0, instance:tests.SmokeTest@ff366c]" name="newSoftAssertObject" is-config="true" duration-ms="0" started-at="2015-09-10T16:42:57Z" finished-at="2015-09-10T16:42:57Z">
          <reporter-output>
          </reporter-output>
        </test-method> <!-- newSoftAssertObject -->
        <test-method status="PASS" signature="tearDown()[pri:0, instance:tests.SmokeTest@ff366c]" name="tearDown" is-config="true" duration-ms="453" started-at="2015-09-10T16:43:01Z" finished-at="2015-09-10T16:43:01Z">
          <reporter-output>
          </reporter-output>
        </test-method> <!-- tearDown -->
      </class> <!-- tests.SmokeTest -->
    </test> <!-- Test -->
  </suite> <!-- Suite -->
</testng-results>
