<!DOCTYPE html PUBLIC "-//W3C//DTD XHTML 1.1//EN" "http://www.w3.org/TR/xhtml11/DTD/xhtml11.dtd">
<html xmlns="http://www.w3.org/1999/xhtml"><head><title>TestNG Report</title><style type="text/css">table {margin-bottom:10px;border-collapse:collapse;empty-cells:show}th,td {border:1px solid #009;padding:.25em .5em}th {vertical-align:bottom}td {vertical-align:top}table a {font-weight:bold}.stripe td {background-color: #E6EBF9}.num {text-align:right}.passedodd td {background-color: #3F3}.passedeven td {background-color: #0A0}.skippedodd td {background-color: #DDD}.skippedeven td {background-color: #CCC}.failedodd td,.attn {background-color: #F33}.failedeven td,.stripe .attn {background-color: #D00}.stacktrace {white-space:pre;font-family:monospace}.totop {font-size:85%;text-align:center;border-bottom:2px solid #000}</style></head><body><table><tr><th>Test</th><th># Passed</th><th># Skipped</th><th># Failed</th><th>Time (ms)</th><th>Included Groups</th><th>Excluded Groups</th></tr><tr><th colspan="7">SmokeTest</th></tr><tr><td><a href="#t0">Test</a></td><td class="num">17</td><td class="num">0</td><td class="num attn">1</td><td class="num">109 437</td><td></td><td></td></tr></table><table><thead><tr><th>Class</th><th>Method</th><th>Start</th><th>Time (ms)</th></tr></thead><tbody><tr><th colspan="4">SmokeTest</th></tr></tbody><tbody id="t0"><tr><th colspan="4">Test &#8212; failed</th></tr><tr class="failedeven"><td rowspan="1">tests.Test_Registration</td><td><a href="#m0">testRegistration</a></td><td rowspan="1">1442157133265</td><td rowspan="1">4469</td></tr><tr><th colspan="4">Test &#8212; passed</th></tr><tr class="passedeven"><td rowspan="12">tests.Test_Functional_Main</td><td><a href="#m1">test_CreateMessage</a></td><td rowspan="1">1442157045765</td><td rowspan="1">8110</td></tr><tr class="passedeven"><td><a href="#m2">test_DragAndDrop_InboxToSpam</a></td><td rowspan="1">1442157110937</td><td rowspan="1">4750</td></tr><tr class="passedeven"><td><a href="#m3">test_ForwardInboxMessage</a></td><td rowspan="1">1442157083437</td><td rowspan="1">8016</td></tr><tr class="passedeven"><td><a href="#m4">test_Move_FromInboxList_ToSpam</a></td><td rowspan="1">1442157103156</td><td rowspan="1">3828</td></tr><tr class="passedeven"><td><a href="#m5">test_Move_FromInboxList_ToTrash</a></td><td rowspan="1">1442157095796</td><td rowspan="1">3360</td></tr><tr class="passedeven"><td><a href="#m6">test_OpenInboxMessage</a></td><td rowspan="1">1442157070437</td><td rowspan="1">3984</td></tr><tr class="passedeven"><td><a href="#m7">test_Read_And_Move_ToTrash</a></td><td rowspan="1">1442157091453</td><td rowspan="1">4343</td></tr><tr class="passedeven"><td><a href="#m8">test_Recover_FromSpamList_ToInbox</a></td><td rowspan="1">1442157106984</td><td rowspan="1">3953</td></tr><tr class="passedeven"><td><a href="#m9">test_Recover_FromTrashList_ToInbox</a></td><td rowspan="1">1442157099156</td><td rowspan="1">4000</td></tr><tr class="passedeven"><td><a href="#m10">test_ReplyToMessage</a></td><td rowspan="1">1442157074421</td><td rowspan="1">9016</td></tr><tr class="passedeven"><td><a href="#m11">test_SendMessage</a></td><td rowspan="1">1442157053875</td><td rowspan="1">16562</td></tr><tr class="passedeven"><td><a href="#m12">test_Send_With_Attachment</a></td><td rowspan="1">1442157115687</td><td rowspan="1">11125</td></tr><tr class="passedodd"><td rowspan="3">tests.Test_Login</td><td><a href="#m13">test_Login</a></td><td rowspan="3">1442157032140</td><td rowspan="3">8203</td></tr><tr class="passedodd"><td><a href="#m14">test_Login</a></td></tr><tr class="passedodd"><td><a href="#m15">test_Login</a></td></tr><tr class="passedeven"><td rowspan="2">tests.Test_Registration</td><td><a href="#m16">testCheckRegistrationLinks</a></td><td rowspan="1">1442157129968</td><td rowspan="1">2375</td></tr><tr class="passedeven"><td><a href="#m17">testRegPageEmptyFieldsErrorHandling</a></td><td rowspan="1">1442157132343</td><td rowspan="1">922</td></tr></tbody></table><h2>Test</h2><h3 id="m0">tests.Test_Registration#testRegistration</h3><table class="result"><tr><th>Exception</th></tr><tr><td><div class="stacktrace">org.openqa.selenium.NoSuchElementException: Unable to locate element: {&quot;method&quot;:&quot;css selector&quot;,&quot;selector&quot;:&quot;.signup-done__view&gt;button&quot;}
Command duration or timeout: 3.03 seconds
For documentation on this error, please visit: http://seleniumhq.org/exceptions/no_such_element.html
Build info: version: &apos;2.47.1&apos;, revision: &apos;unknown&apos;, time: &apos;2015-07-30 11:02:44&apos;
System info: host: &apos;mib-84a305b9628&apos;, ip: &apos;192.168.1.10&apos;, os.name: &apos;Windows XP&apos;, os.arch: &apos;x86&apos;, os.version: &apos;5.1&apos;, java.version: &apos;1.7.0_80&apos;
*** Element info: {Using=css selector, value=.signup-done__view&gt;button}
Session ID: 91c50f9c-3b8d-4578-9047-49a2251202e7
Driver info: org.openqa.selenium.firefox.FirefoxDriver
Capabilities [{platform=WINDOWS, acceptSslCerts=true, javascriptEnabled=true, cssSelectorsEnabled=true, databaseEnabled=true, browserName=firefox, handlesAlerts=true, nativeEvents=false, webStorageEnabled=true, rotatable=false, locationContextEnabled=true, applicationCacheEnabled=true, takesScreenshot=true, version=40.0.3}]
	at sun.reflect.NativeConstructorAccessorImpl.newInstance0(Native Method)
	at sun.reflect.NativeConstructorAccessorImpl.newInstance(Unknown Source)
	at sun.reflect.DelegatingConstructorAccessorImpl.newInstance(Unknown Source)
	at java.lang.reflect.Constructor.newInstance(Unknown Source)
	at org.openqa.selenium.remote.ErrorHandler.createThrowable(ErrorHandler.java:206)
	at org.openqa.selenium.remote.ErrorHandler.throwIfResponseFailed(ErrorHandler.java:158)
	at org.openqa.selenium.remote.RemoteWebDriver.execute(RemoteWebDriver.java:595)
	at org.openqa.selenium.remote.RemoteWebDriver.findElement(RemoteWebDriver.java:348)
	at org.openqa.selenium.remote.RemoteWebDriver.findElementByCssSelector(RemoteWebDriver.java:437)
	at org.openqa.selenium.By$ByCssSelector.findElement(By.java:426)
	at org.openqa.selenium.remote.RemoteWebDriver.findElement(RemoteWebDriver.java:340)
	at org.openqa.selenium.support.pagefactory.DefaultElementLocator.findElement(DefaultElementLocator.java:69)
	at org.openqa.selenium.support.pagefactory.internal.LocatingElementHandler.invoke(LocatingElementHandler.java:38)
	at com.sun.proxy.$Proxy9.isDisplayed(Unknown Source)
	at tests.Test_Registration.testRegistration(Test_Registration.java:79)
	at sun.reflect.NativeMethodAccessorImpl.invoke0(Native Method)
	at sun.reflect.NativeMethodAccessorImpl.invoke(Unknown Source)
	at sun.reflect.DelegatingMethodAccessorImpl.invoke(Unknown Source)
	at java.lang.reflect.Method.invoke(Unknown Source)
	at org.testng.internal.MethodInvocationHelper.invokeMethod(MethodInvocationHelper.java:85)
	at org.testng.internal.Invoker.invokeMethod(Invoker.java:659)
	at org.testng.internal.Invoker.invokeTestMethod(Invoker.java:845)
	at org.testng.internal.Invoker.invokeTestMethods(Invoker.java:1153)
	at org.testng.internal.TestMethodWorker.invokeTestMethods(TestMethodWorker.java:125)
	at org.testng.internal.TestMethodWorker.run(TestMethodWorker.java:108)
	at org.testng.TestRunner.privateRun(TestRunner.java:771)
	at org.testng.TestRunner.run(TestRunner.java:621)
	at org.testng.SuiteRunner.runTest(SuiteRunner.java:357)
	at org.testng.SuiteRunner.runSequentially(SuiteRunner.java:352)
	at org.testng.SuiteRunner.privateRun(SuiteRunner.java:310)
	at org.testng.SuiteRunner.run(SuiteRunner.java:259)
	at org.testng.SuiteRunnerWorker.runSuite(SuiteRunnerWorker.java:52)
	at org.testng.SuiteRunnerWorker.run(SuiteRunnerWorker.java:86)
	at org.testng.TestNG.runSuitesSequentially(TestNG.java:1199)
	at org.testng.TestNG.runSuitesLocally(TestNG.java:1124)
	at org.testng.TestNG.run(TestNG.java:1032)
	at org.testng.remote.RemoteTestNG.run(RemoteTestNG.java:111)
	at org.testng.remote.RemoteTestNG.initAndRun(RemoteTestNG.java:204)
	at org.testng.remote.RemoteTestNG.main(RemoteTestNG.java:175)
Caused by: org.openqa.selenium.NoSuchElementException: Unable to locate element: {&quot;method&quot;:&quot;css selector&quot;,&quot;selector&quot;:&quot;.signup-done__view&gt;button&quot;}
For documentation on this error, please visit: http://seleniumhq.org/exceptions/no_such_element.html
Build info: version: &apos;2.47.1&apos;, revision: &apos;unknown&apos;, time: &apos;2015-07-30 11:02:44&apos;
System info: host: &apos;mib-84a305b9628&apos;, ip: &apos;192.168.1.10&apos;, os.name: &apos;Windows XP&apos;, os.arch: &apos;x86&apos;, os.version: &apos;5.1&apos;, java.version: &apos;1.7.0_80&apos;
Driver info: driver.version: unknown
	at &lt;anonymous class&gt;.FirefoxDriver.prototype.findElementInternal_(file:///J:/Temp/anonymous7697682384041993464webdriver-profile/extensions/fxdriver@googlecode.com/components/driver-component.js:10667)
	at &lt;anonymous class&gt;.fxdriver.Timer.prototype.setTimeout/&lt;.notify(file:///J:/Temp/anonymous7697682384041993464webdriver-profile/extensions/fxdriver@googlecode.com/components/driver-component.js:623)
</div></td></tr></table><p class="totop"><a href="#summary">back to summary</a></p><h3 id="m1">tests.Test_Functional_Main#test_CreateMessage</h3><table class="result"></table><p class="totop"><a href="#summary">back to summary</a></p><h3 id="m2">tests.Test_Functional_Main#test_DragAndDrop_InboxToSpam</h3><table class="result"></table><p class="totop"><a href="#summary">back to summary</a></p><h3 id="m3">tests.Test_Functional_Main#test_ForwardInboxMessage</h3><table class="result"></table><p class="totop"><a href="#summary">back to summary</a></p><h3 id="m4">tests.Test_Functional_Main#test_Move_FromInboxList_ToSpam</h3><table class="result"></table><p class="totop"><a href="#summary">back to summary</a></p><h3 id="m5">tests.Test_Functional_Main#test_Move_FromInboxList_ToTrash</h3><table class="result"></table><p class="totop"><a href="#summary">back to summary</a></p><h3 id="m6">tests.Test_Functional_Main#test_OpenInboxMessage</h3><table class="result"></table><p class="totop"><a href="#summary">back to summary</a></p><h3 id="m7">tests.Test_Functional_Main#test_Read_And_Move_ToTrash</h3><table class="result"></table><p class="totop"><a href="#summary">back to summary</a></p><h3 id="m8">tests.Test_Functional_Main#test_Recover_FromSpamList_ToInbox</h3><table class="result"></table><p class="totop"><a href="#summary">back to summary</a></p><h3 id="m9">tests.Test_Functional_Main#test_Recover_FromTrashList_ToInbox</h3><table class="result"></table><p class="totop"><a href="#summary">back to summary</a></p><h3 id="m10">tests.Test_Functional_Main#test_ReplyToMessage</h3><table class="result"></table><p class="totop"><a href="#summary">back to summary</a></p><h3 id="m11">tests.Test_Functional_Main#test_SendMessage</h3><table class="result"></table><p class="totop"><a href="#summary">back to summary</a></p><h3 id="m12">tests.Test_Functional_Main#test_Send_With_Attachment</h3><table class="result"></table><p class="totop"><a href="#summary">back to summary</a></p><h3 id="m13">tests.Test_Login#test_Login</h3><table class="result"><tr class="param"><th>Parameter #1</th><th>Parameter #2</th><th>Parameter #3</th><th>Parameter #4</th></tr><tr class="param stripe"><td>tester0667804531</td><td>p455word</td><td>true</td><td>Valid credentials</td></tr></table><p class="totop"><a href="#summary">back to summary</a></p><h3 id="m14">tests.Test_Login#test_Login</h3><table class="result"><tr class="param"><th>Parameter #1</th><th>Parameter #2</th><th>Parameter #3</th><th>Parameter #4</th></tr><tr class="param stripe"><td>tester0667804531</td><td>wrong_pass</td><td>false</td><td>Неверно указан логин или пароль. Подробнее</td></tr></table><p class="totop"><a href="#summary">back to summary</a></p><h3 id="m15">tests.Test_Login#test_Login</h3><table class="result"><tr class="param"><th>Parameter #1</th><th>Parameter #2</th><th>Parameter #3</th><th>Parameter #4</th></tr><tr class="param stripe"><td>wrong_login_name</td><td>p455word</td><td>false</td><td>Неверно указан логин или пароль. Подробнее</td></tr></table><p class="totop"><a href="#summary">back to summary</a></p><h3 id="m16">tests.Test_Registration#testCheckRegistrationLinks</h3><table class="result"></table><p class="totop"><a href="#summary">back to summary</a></p><h3 id="m17">tests.Test_Registration#testRegPageEmptyFieldsErrorHandling</h3><table class="result"></table><p class="totop"><a href="#summary">back to summary</a></p></body></html>