<?xml version="1.0" encoding="UTF-8"?>
<testng-results skipped="0" failed="1" total="22" passed="21">
  <reporter-output>
  </reporter-output>
  <suite name="SmokeTest" duration-ms="114594" started-at="2015-09-16T19:22:03Z" finished-at="2015-09-16T19:23:57Z">
    <groups>
    </groups>
    <test name="SmokeTest-Firefox" duration-ms="114594" started-at="2015-09-16T19:22:03Z" finished-at="2015-09-16T19:23:57Z">
      <class name="tests.Test_Functional_Main">
        <test-method status="PASS" signature="setup()[pri:0, instance:tests.Test_Functional_Main@1ef8f5]" name="setup" is-config="true" duration-ms="16" started-at="2015-09-16T22:22:26Z" finished-at="2015-09-16T22:22:26Z">
          <reporter-output>
          </reporter-output>
        </test-method> <!-- setup -->
        <test-method status="PASS" signature="newSoftAssertObject()[pri:0, instance:tests.Test_Functional_Main@1ef8f5]" name="newSoftAssertObject" is-config="true" duration-ms="0" started-at="2015-09-16T22:22:26Z" finished-at="2015-09-16T22:22:26Z">
          <reporter-output>
          </reporter-output>
        </test-method> <!-- newSoftAssertObject -->
        <test-method status="PASS" signature="test_CreateMessage()[pri:0, instance:tests.Test_Functional_Main@1ef8f5]" name="test_CreateMessage" duration-ms="7219" started-at="2015-09-16T22:22:26Z" description="As a User I can create a message(it&#039;s stored in Drafts automatically)" finished-at="2015-09-16T22:22:33Z">
          <reporter-output>
          </reporter-output>
        </test-method> <!-- test_CreateMessage -->
        <test-method status="PASS" signature="test_SendMessage()[pri:0, instance:tests.Test_Functional_Main@1ef8f5]" name="test_SendMessage" duration-ms="16312" started-at="2015-09-16T22:22:33Z" description="As a User I can send a message (it&#039;s stored in Sent automatically)" finished-at="2015-09-16T22:22:49Z">
          <reporter-output>
          </reporter-output>
        </test-method> <!-- test_SendMessage -->
        <test-method status="PASS" signature="newSoftAssertObject()[pri:0, instance:tests.Test_Functional_Main@1ef8f5]" name="newSoftAssertObject" is-config="true" duration-ms="0" started-at="2015-09-16T22:22:33Z" finished-at="2015-09-16T22:22:33Z">
          <reporter-output>
          </reporter-output>
        </test-method> <!-- newSoftAssertObject -->
        <test-method status="PASS" signature="newSoftAssertObject()[pri:0, instance:tests.Test_Functional_Main@1ef8f5]" name="newSoftAssertObject" is-config="true" duration-ms="0" started-at="2015-09-16T22:22:49Z" finished-at="2015-09-16T22:22:49Z">
          <reporter-output>
          </reporter-output>
        </test-method> <!-- newSoftAssertObject -->
        <test-method status="PASS" signature="test_Send_With_Attachment()[pri:0, instance:tests.Test_Functional_Main@1ef8f5]" name="test_Send_With_Attachment" duration-ms="14328" started-at="2015-09-16T22:22:49Z" finished-at="2015-09-16T22:23:04Z">
          <reporter-output>
          </reporter-output>
        </test-method> <!-- test_Send_With_Attachment -->
        <test-method status="PASS" signature="test_OpenInboxMessage()[pri:0, instance:tests.Test_Functional_Main@1ef8f5]" name="test_OpenInboxMessage" duration-ms="4907" started-at="2015-09-16T22:23:04Z" description="As a User I can open inbox message from list" finished-at="2015-09-16T22:23:09Z">
          <reporter-output>
          </reporter-output>
        </test-method> <!-- test_OpenInboxMessage -->
        <test-method status="PASS" signature="newSoftAssertObject()[pri:0, instance:tests.Test_Functional_Main@1ef8f5]" name="newSoftAssertObject" is-config="true" duration-ms="0" started-at="2015-09-16T22:23:04Z" finished-at="2015-09-16T22:23:04Z">
          <reporter-output>
          </reporter-output>
        </test-method> <!-- newSoftAssertObject -->
        <test-method status="PASS" signature="newSoftAssertObject()[pri:0, instance:tests.Test_Functional_Main@1ef8f5]" name="newSoftAssertObject" is-config="true" duration-ms="0" started-at="2015-09-16T22:23:09Z" finished-at="2015-09-16T22:23:09Z">
          <reporter-output>
          </reporter-output>
        </test-method> <!-- newSoftAssertObject -->
        <test-method status="PASS" signature="test_ReplyToMessage()[pri:0, instance:tests.Test_Functional_Main@1ef8f5]" name="test_ReplyToMessage" duration-ms="9718" started-at="2015-09-16T22:23:09Z" description="As a User I can reply to inbox message" finished-at="2015-09-16T22:23:18Z">
          <reporter-output>
          </reporter-output>
        </test-method> <!-- test_ReplyToMessage -->
        <test-method status="PASS" signature="test_ForwardInboxMessage()[pri:0, instance:tests.Test_Functional_Main@1ef8f5]" name="test_ForwardInboxMessage" duration-ms="8313" started-at="2015-09-16T22:23:18Z" description="As a User I can forward inbox message" finished-at="2015-09-16T22:23:27Z">
          <reporter-output>
          </reporter-output>
        </test-method> <!-- test_ForwardInboxMessage -->
        <test-method status="PASS" signature="newSoftAssertObject()[pri:0, instance:tests.Test_Functional_Main@1ef8f5]" name="newSoftAssertObject" is-config="true" duration-ms="0" started-at="2015-09-16T22:23:18Z" finished-at="2015-09-16T22:23:18Z">
          <reporter-output>
          </reporter-output>
        </test-method> <!-- newSoftAssertObject -->
        <test-method status="PASS" signature="newSoftAssertObject()[pri:0, instance:tests.Test_Functional_Main@1ef8f5]" name="newSoftAssertObject" is-config="true" duration-ms="0" started-at="2015-09-16T22:23:27Z" finished-at="2015-09-16T22:23:27Z">
          <reporter-output>
          </reporter-output>
        </test-method> <!-- newSoftAssertObject -->
        <test-method status="PASS" signature="test_Read_And_Move_ToTrash()[pri:0, instance:tests.Test_Functional_Main@1ef8f5]" name="test_Read_And_Move_ToTrash" duration-ms="4641" started-at="2015-09-16T22:23:27Z" description="As a User I can move opened Inbox message to Trash immediately)" finished-at="2015-09-16T22:23:31Z">
          <reporter-output>
          </reporter-output>
        </test-method> <!-- test_Read_And_Move_ToTrash -->
        <test-method status="PASS" signature="test_Move_FromInboxList_ToTrash()[pri:0, instance:tests.Test_Functional_Main@1ef8f5]" name="test_Move_FromInboxList_ToTrash" duration-ms="4875" started-at="2015-09-16T22:23:31Z" description="As a User I can move a message to Trash from Inbox-list " finished-at="2015-09-16T22:23:36Z">
          <reporter-output>
          </reporter-output>
        </test-method> <!-- test_Move_FromInboxList_ToTrash -->
        <test-method status="PASS" signature="newSoftAssertObject()[pri:0, instance:tests.Test_Functional_Main@1ef8f5]" name="newSoftAssertObject" is-config="true" duration-ms="0" started-at="2015-09-16T22:23:31Z" finished-at="2015-09-16T22:23:31Z">
          <reporter-output>
          </reporter-output>
        </test-method> <!-- newSoftAssertObject -->
        <test-method status="PASS" signature="test_Recover_FromTrashList_ToInbox()[pri:0, instance:tests.Test_Functional_Main@1ef8f5]" name="test_Recover_FromTrashList_ToInbox" duration-ms="5890" started-at="2015-09-16T22:23:36Z" description="As a User I can recover message from Trash back to Inbox" finished-at="2015-09-16T22:23:42Z">
          <reporter-output>
          </reporter-output>
        </test-method> <!-- test_Recover_FromTrashList_ToInbox -->
        <test-method status="PASS" signature="newSoftAssertObject()[pri:0, instance:tests.Test_Functional_Main@1ef8f5]" name="newSoftAssertObject" is-config="true" duration-ms="0" started-at="2015-09-16T22:23:36Z" finished-at="2015-09-16T22:23:36Z">
          <reporter-output>
          </reporter-output>
        </test-method> <!-- newSoftAssertObject -->
        <test-method status="PASS" signature="test_Move_FromInboxList_ToSpam()[pri:0, instance:tests.Test_Functional_Main@1ef8f5]" name="test_Move_FromInboxList_ToSpam" duration-ms="4610" started-at="2015-09-16T22:23:42Z" description="As a User I can move a message to Spam directly from Inbox" finished-at="2015-09-16T22:23:47Z">
          <reporter-output>
          </reporter-output>
        </test-method> <!-- test_Move_FromInboxList_ToSpam -->
        <test-method status="PASS" signature="newSoftAssertObject()[pri:0, instance:tests.Test_Functional_Main@1ef8f5]" name="newSoftAssertObject" is-config="true" duration-ms="0" started-at="2015-09-16T22:23:42Z" finished-at="2015-09-16T22:23:42Z">
          <reporter-output>
          </reporter-output>
        </test-method> <!-- newSoftAssertObject -->
        <test-method status="PASS" signature="newSoftAssertObject()[pri:0, instance:tests.Test_Functional_Main@1ef8f5]" name="newSoftAssertObject" is-config="true" duration-ms="0" started-at="2015-09-16T22:23:47Z" finished-at="2015-09-16T22:23:47Z">
          <reporter-output>
          </reporter-output>
        </test-method> <!-- newSoftAssertObject -->
        <test-method status="PASS" signature="test_Recover_FromSpamList_ToInbox()[pri:0, instance:tests.Test_Functional_Main@1ef8f5]" name="test_Recover_FromSpamList_ToInbox" duration-ms="4750" started-at="2015-09-16T22:23:47Z" description="As a User I can recover message from Spam folder (back to Inbox)" finished-at="2015-09-16T22:23:51Z">
          <reporter-output>
          </reporter-output>
        </test-method> <!-- test_Recover_FromSpamList_ToInbox -->
        <test-method status="PASS" signature="newSoftAssertObject()[pri:0, instance:tests.Test_Functional_Main@1ef8f5]" name="newSoftAssertObject" is-config="true" duration-ms="0" started-at="2015-09-16T22:23:51Z" finished-at="2015-09-16T22:23:51Z">
          <reporter-output>
          </reporter-output>
        </test-method> <!-- newSoftAssertObject -->
        <test-method status="PASS" signature="test_DragAndDrop_InboxToSpam()[pri:0, instance:tests.Test_Functional_Main@1ef8f5]" name="test_DragAndDrop_InboxToSpam" duration-ms="5875" started-at="2015-09-16T22:23:51Z" description="As a User I can drag-n-drop selected message from Inbox to Spam folder)" finished-at="2015-09-16T22:23:57Z">
          <reporter-output>
          </reporter-output>
        </test-method> <!-- test_DragAndDrop_InboxToSpam -->
      </class> <!-- tests.Test_Functional_Main -->
      <class name="tests.Test_Login">
        <test-method status="PASS" signature="setupDriver(java.lang.String, java.lang.String)[pri:0, instance:tests.Test_Login@194d431]" name="setupDriver" is-config="true" duration-ms="3594" started-at="2015-09-16T22:21:59Z" finished-at="2015-09-16T22:22:03Z">
          <params>
            <param index="0">
              <value>
                <![CDATA[Firefox]]>
              </value>
            </param>
            <param index="1">
              <value>
                <![CDATA[false]]>
              </value>
            </param>
          </params>
          <reporter-output>
          </reporter-output>
        </test-method> <!-- setupDriver -->
        <test-method status="PASS" signature="setup()[pri:0, instance:tests.Test_Login@194d431]" name="setup" is-config="true" duration-ms="0" started-at="2015-09-16T22:22:13Z" finished-at="2015-09-16T22:22:13Z">
          <reporter-output>
          </reporter-output>
        </test-method> <!-- setup -->
        <test-method status="PASS" signature="test_Login(java.lang.String, java.lang.String, java.lang.String, java.lang.String, java.lang.String)[pri:0, instance:tests.Test_Login@194d431]" name="test_Login" duration-ms="4250" started-at="2015-09-16T22:22:13Z" data-provider="loginData" finished-at="2015-09-16T22:22:17Z">
          <params>
            <param index="0">
              <value>
                <![CDATA[Valid credentials]]>
              </value>
            </param>
            <param index="1">
              <value>
                <![CDATA[tester0667804531]]>
              </value>
            </param>
            <param index="2">
              <value>
                <![CDATA[p455word]]>
              </value>
            </param>
            <param index="3">
              <value>
                <![CDATA[true]]>
              </value>
            </param>
            <param index="4">
              <value>
                <![CDATA[-]]>
              </value>
            </param>
          </params>
          <reporter-output>
          </reporter-output>
        </test-method> <!-- test_Login -->
        <test-method status="PASS" signature="test_Login(java.lang.String, java.lang.String, java.lang.String, java.lang.String, java.lang.String)[pri:0, instance:tests.Test_Login@194d431]" name="test_Login" duration-ms="984" started-at="2015-09-16T22:22:17Z" data-provider="loginData" finished-at="2015-09-16T22:22:18Z">
          <params>
            <param index="0">
              <value>
                <![CDATA[Wrong_Password]]>
              </value>
            </param>
            <param index="1">
              <value>
                <![CDATA[tester0667804531]]>
              </value>
            </param>
            <param index="2">
              <value>
                <![CDATA[wrong_pass]]>
              </value>
            </param>
            <param index="3">
              <value>
                <![CDATA[false]]>
              </value>
            </param>
            <param index="4">
              <value>
                <![CDATA[Неверно указан логин или пароль. Подробнее]]>
              </value>
            </param>
          </params>
          <reporter-output>
          </reporter-output>
        </test-method> <!-- test_Login -->
        <test-method status="PASS" signature="test_Login(java.lang.String, java.lang.String, java.lang.String, java.lang.String, java.lang.String)[pri:0, instance:tests.Test_Login@194d431]" name="test_Login" duration-ms="969" started-at="2015-09-16T22:22:18Z" data-provider="loginData" finished-at="2015-09-16T22:22:19Z">
          <params>
            <param index="0">
              <value>
                <![CDATA[Wrong_Login_name]]>
              </value>
            </param>
            <param index="1">
              <value>
                <![CDATA[wrong_login_name]]>
              </value>
            </param>
            <param index="2">
              <value>
                <![CDATA[p455word]]>
              </value>
            </param>
            <param index="3">
              <value>
                <![CDATA[false]]>
              </value>
            </param>
            <param index="4">
              <value>
                <![CDATA[Неверно указан логин или пароль. Подробнее]]>
              </value>
            </param>
          </params>
          <reporter-output>
          </reporter-output>
        </test-method> <!-- test_Login -->
        <test-method status="PASS" signature="test_Login(java.lang.String, java.lang.String, java.lang.String, java.lang.String, java.lang.String)[pri:0, instance:tests.Test_Login@194d431]" name="test_Login" duration-ms="3516" started-at="2015-09-16T22:22:19Z" data-provider="loginData" finished-at="2015-09-16T22:22:22Z">
          <params>
            <param index="0">
              <value>
                <![CDATA[Trailing space - login]]>
              </value>
            </param>
            <param index="1">
              <value>
                <![CDATA[tester0667804531 ]]>
              </value>
            </param>
            <param index="2">
              <value>
                <![CDATA[p455word]]>
              </value>
            </param>
            <param index="3">
              <value>
                <![CDATA[true]]>
              </value>
            </param>
            <param index="4">
              <value>
                <![CDATA[-]]>
              </value>
            </param>
          </params>
          <reporter-output>
          </reporter-output>
        </test-method> <!-- test_Login -->
        <test-method status="PASS" signature="test_Login(java.lang.String, java.lang.String, java.lang.String, java.lang.String, java.lang.String)[pri:0, instance:tests.Test_Login@194d431]" name="test_Login" duration-ms="3343" started-at="2015-09-16T22:22:22Z" data-provider="loginData" finished-at="2015-09-16T22:22:26Z">
          <params>
            <param index="0">
              <value>
                <![CDATA[Trailing space - pass]]>
              </value>
            </param>
            <param index="1">
              <value>
                <![CDATA[tester0667804531]]>
              </value>
            </param>
            <param index="2">
              <value>
                <![CDATA[p455word ]]>
              </value>
            </param>
            <param index="3">
              <value>
                <![CDATA[true]]>
              </value>
            </param>
            <param index="4">
              <value>
                <![CDATA[-]]>
              </value>
            </param>
          </params>
          <reporter-output>
          </reporter-output>
        </test-method> <!-- test_Login -->
        <test-method status="PASS" signature="tearDownSuite()[pri:0, instance:tests.Test_Login@194d431]" name="tearDownSuite" is-config="true" duration-ms="531" started-at="2015-09-16T22:23:57Z" finished-at="2015-09-16T22:23:58Z">
          <reporter-output>
          </reporter-output>
        </test-method> <!-- tearDownSuite -->
      </class> <!-- tests.Test_Login -->
      <class name="tests.Test_Registration">
        <test-method status="PASS" signature="setup()[pri:0, instance:tests.Test_Registration@96ed8b]" name="setup" is-config="true" duration-ms="31" started-at="2015-09-16T22:22:03Z" finished-at="2015-09-16T22:22:03Z">
          <reporter-output>
          </reporter-output>
        </test-method> <!-- setup -->
        <test-method status="PASS" signature="test_CheckRegistrationLinks()[pri:0, instance:tests.Test_Registration@96ed8b]" name="test_CheckRegistrationLinks" duration-ms="5328" started-at="2015-09-16T22:22:03Z" description="Checking registration links on the login page" finished-at="2015-09-16T22:22:08Z">
          <reporter-output>
          </reporter-output>
        </test-method> <!-- test_CheckRegistrationLinks -->
        <test-method status="PASS" signature="newSoftAssertObject()[pri:0, instance:tests.Test_Registration@96ed8b]" name="newSoftAssertObject" is-config="true" duration-ms="0" started-at="2015-09-16T22:22:03Z" finished-at="2015-09-16T22:22:03Z">
          <reporter-output>
          </reporter-output>
        </test-method> <!-- newSoftAssertObject -->
        <test-method status="PASS" signature="newSoftAssertObject()[pri:0, instance:tests.Test_Registration@96ed8b]" name="newSoftAssertObject" is-config="true" duration-ms="0" started-at="2015-09-16T22:22:08Z" finished-at="2015-09-16T22:22:08Z">
          <reporter-output>
          </reporter-output>
        </test-method> <!-- newSoftAssertObject -->
        <test-method status="PASS" signature="test_RegPage_EmptyFieldsErrorHandling(java.lang.String, java.lang.String)[pri:0, instance:tests.Test_Registration@96ed8b]" name="test_RegPage_EmptyFieldsErrorHandling" duration-ms="875" started-at="2015-09-16T22:22:08Z" description="Checking error messages on the Registration page - &#039;Empty fields&#039; case" data-provider="regEmptyFieldsErrorMessages" finished-at="2015-09-16T22:22:09Z">
          <params>
            <param index="0">
              <value>
                <![CDATA[RU]]>
              </value>
            </param>
            <param index="1">
              <value>
                <![CDATA[src/test/java/helpers/emptyErrorMsgRU.txt]]>
              </value>
            </param>
          </params>
          <reporter-output>
          </reporter-output>
        </test-method> <!-- test_RegPage_EmptyFieldsErrorHandling -->
        <test-method status="PASS" signature="newSoftAssertObject()[pri:0, instance:tests.Test_Registration@96ed8b]" name="newSoftAssertObject" is-config="true" duration-ms="0" started-at="2015-09-16T22:22:09Z" finished-at="2015-09-16T22:22:09Z">
          <reporter-output>
          </reporter-output>
        </test-method> <!-- newSoftAssertObject -->
        <test-method status="PASS" signature="test_RegPage_EmptyFieldsErrorHandling(java.lang.String, java.lang.String)[pri:0, instance:tests.Test_Registration@96ed8b]" name="test_RegPage_EmptyFieldsErrorHandling" duration-ms="922" started-at="2015-09-16T22:22:09Z" description="Checking error messages on the Registration page - &#039;Empty fields&#039; case" data-provider="regEmptyFieldsErrorMessages" finished-at="2015-09-16T22:22:10Z">
          <params>
            <param index="0">
              <value>
                <![CDATA[UA]]>
              </value>
            </param>
            <param index="1">
              <value>
                <![CDATA[src/test/java/helpers/emptyErrorMsgUA.txt]]>
              </value>
            </param>
          </params>
          <reporter-output>
          </reporter-output>
        </test-method> <!-- test_RegPage_EmptyFieldsErrorHandling -->
        <test-method status="PASS" signature="newSoftAssertObject()[pri:0, instance:tests.Test_Registration@96ed8b]" name="newSoftAssertObject" is-config="true" duration-ms="0" started-at="2015-09-16T22:22:10Z" finished-at="2015-09-16T22:22:10Z">
          <reporter-output>
          </reporter-output>
        </test-method> <!-- newSoftAssertObject -->
        <test-method status="PASS" signature="test_RegPage_EmptyFieldsErrorHandling(java.lang.String, java.lang.String)[pri:0, instance:tests.Test_Registration@96ed8b]" name="test_RegPage_EmptyFieldsErrorHandling" duration-ms="1109" started-at="2015-09-16T22:22:10Z" description="Checking error messages on the Registration page - &#039;Empty fields&#039; case" data-provider="regEmptyFieldsErrorMessages" finished-at="2015-09-16T22:22:11Z">
          <params>
            <param index="0">
              <value>
                <![CDATA[ENG]]>
              </value>
            </param>
            <param index="1">
              <value>
                <![CDATA[src/test/java/helpers/emptyErrorMsgENG.txt]]>
              </value>
            </param>
          </params>
          <reporter-output>
          </reporter-output>
        </test-method> <!-- test_RegPage_EmptyFieldsErrorHandling -->
        <test-method status="FAIL" signature="test_Registration(java.lang.String, java.lang.String, java.lang.String, java.lang.String, java.lang.String, java.lang.String, java.lang.String, java.lang.String, java.lang.String, java.lang.String, java.lang.String)[pri:0, instance:tests.Test_Registration@96ed8b]" name="test_Registration" duration-ms="1578" started-at="2015-09-16T22:22:11Z" description="(Un)Successful registration - CAPCHA!" data-provider="regData" finished-at="2015-09-16T22:22:13Z">
          <params>
            <param index="0">
              <value>
                <![CDATA[Valid Entry - 
Cyrillic]]>
              </value>
            </param>
            <param index="1">
              <value>
                <![CDATA[newuser99]]>
              </value>
            </param>
            <param index="2">
              <value>
                <![CDATA[password99]]>
              </value>
            </param>
            <param index="3">
              <value>
                <![CDATA[имя]]>
              </value>
            </param>
            <param index="4">
              <value>
                <![CDATA[фамилия]]>
              </value>
            </param>
            <param index="5">
              <value>
                <![CDATA[F]]>
              </value>
            </param>
            <param index="6">
              <value>
                <![CDATA[22]]>
              </value>
            </param>
            <param index="7">
              <value>
                <![CDATA[9]]>
              </value>
            </param>
            <param index="8">
              <value>
                <![CDATA[1951]]>
              </value>
            </param>
            <param index="9">
              <value>
                <![CDATA[0930000000]]>
              </value>
            </param>
            <param index="10">
              <value>
                <![CDATA[email@email.com]]>
              </value>
            </param>
          </params>
          <exception class="java.lang.AssertionError">
            <message>
              <![CDATA[The following asserts failed:
expected [Регистрация выполнена успешно] but found [Регистрация]]]>
            </message>
            <full-stacktrace>
              <![CDATA[java.lang.AssertionError: The following asserts failed:
expected [Регистрация выполнена успешно] but found [Регистрация]
	at org.testng.asserts.SoftAssert.assertAll(SoftAssert.java:38)
	at tests.Test_Registration.test_Registration(Test_Registration.java:65)
	at sun.reflect.NativeMethodAccessorImpl.invoke0(Native Method)
	at sun.reflect.NativeMethodAccessorImpl.invoke(Unknown Source)
	at sun.reflect.DelegatingMethodAccessorImpl.invoke(Unknown Source)
	at java.lang.reflect.Method.invoke(Unknown Source)
	at org.testng.internal.MethodInvocationHelper.invokeMethod(MethodInvocationHelper.java:85)
	at org.testng.internal.Invoker.invokeMethod(Invoker.java:659)
	at org.testng.internal.Invoker.invokeTestMethod(Invoker.java:845)
	at org.testng.internal.Invoker.invokeTestMethods(Invoker.java:1153)
	at org.testng.internal.TestMethodWorker.invokeTestMethods(TestMethodWorker.java:125)
	at org.testng.internal.TestMethodWorker.run(TestMethodWorker.java:108)
	at org.testng.TestRunner.privateRun(TestRunner.java:771)
	at org.testng.TestRunner.run(TestRunner.java:621)
	at org.testng.SuiteRunner.runTest(SuiteRunner.java:357)
	at org.testng.SuiteRunner.runSequentially(SuiteRunner.java:352)
	at org.testng.SuiteRunner.privateRun(SuiteRunner.java:310)
	at org.testng.SuiteRunner.run(SuiteRunner.java:259)
	at org.testng.SuiteRunnerWorker.runSuite(SuiteRunnerWorker.java:52)
	at org.testng.SuiteRunnerWorker.run(SuiteRunnerWorker.java:86)
	at org.testng.TestNG.runSuitesSequentially(TestNG.java:1199)
	at org.testng.TestNG.runSuitesLocally(TestNG.java:1124)
	at org.testng.TestNG.run(TestNG.java:1032)
	at org.testng.remote.RemoteTestNG.run(RemoteTestNG.java:111)
	at org.testng.remote.RemoteTestNG.initAndRun(RemoteTestNG.java:204)
	at org.testng.remote.RemoteTestNG.main(RemoteTestNG.java:175)
]]>
            </full-stacktrace>
          </exception> <!-- java.lang.AssertionError -->
          <reporter-output>
          </reporter-output>
        </test-method> <!-- test_Registration -->
        <test-method status="PASS" signature="newSoftAssertObject()[pri:0, instance:tests.Test_Registration@96ed8b]" name="newSoftAssertObject" is-config="true" duration-ms="0" started-at="2015-09-16T22:22:11Z" finished-at="2015-09-16T22:22:11Z">
          <reporter-output>
          </reporter-output>
        </test-method> <!-- newSoftAssertObject -->
      </class> <!-- tests.Test_Registration -->
    </test> <!-- SmokeTest-Firefox -->
  </suite> <!-- SmokeTest -->
</testng-results>
