<?xml version="1.0" encoding="UTF-8"?>
<testng-results skipped="0" failed="1" total="18" passed="17">
  <reporter-output>
  </reporter-output>
  <suite name="SmokeTest" duration-ms="98406" started-at="2015-09-13T22:45:20Z" finished-at="2015-09-13T22:46:59Z">
    <groups>
    </groups>
    <test name="Test" duration-ms="98406" started-at="2015-09-13T22:45:20Z" finished-at="2015-09-13T22:46:59Z">
      <class name="tests.Test_Functional_Main">
        <test-method status="PASS" signature="setup()[pri:0, instance:tests.Test_Functional_Main@1a5ff38]" name="setup" is-config="true" duration-ms="16" started-at="2015-09-14T01:45:34Z" finished-at="2015-09-14T01:45:34Z">
          <reporter-output>
          </reporter-output>
        </test-method> <!-- setup -->
        <test-method status="PASS" signature="newSoftAssertObject()[pri:0, instance:tests.Test_Functional_Main@1a5ff38]" name="newSoftAssertObject" is-config="true" duration-ms="0" started-at="2015-09-14T01:45:34Z" finished-at="2015-09-14T01:45:34Z">
          <reporter-output>
          </reporter-output>
        </test-method> <!-- newSoftAssertObject -->
        <test-method status="PASS" signature="test_CreateMessage()[pri:0, instance:tests.Test_Functional_Main@1a5ff38]" name="test_CreateMessage" duration-ms="6687" started-at="2015-09-14T01:45:34Z" description="As a User I can create a message(it&#039;s stored in Drafts automatically)" finished-at="2015-09-14T01:45:41Z">
          <reporter-output>
          </reporter-output>
        </test-method> <!-- test_CreateMessage -->
        <test-method status="PASS" signature="test_SendMessage()[pri:0, instance:tests.Test_Functional_Main@1a5ff38]" name="test_SendMessage" duration-ms="16094" started-at="2015-09-14T01:45:41Z" description="As a User I can send a message (it&#039;s stored in Sent automatically)" finished-at="2015-09-14T01:45:57Z">
          <reporter-output>
          </reporter-output>
        </test-method> <!-- test_SendMessage -->
        <test-method status="PASS" signature="newSoftAssertObject()[pri:0, instance:tests.Test_Functional_Main@1a5ff38]" name="newSoftAssertObject" is-config="true" duration-ms="0" started-at="2015-09-14T01:45:41Z" finished-at="2015-09-14T01:45:41Z">
          <reporter-output>
          </reporter-output>
        </test-method> <!-- newSoftAssertObject -->
        <test-method status="PASS" signature="newSoftAssertObject()[pri:0, instance:tests.Test_Functional_Main@1a5ff38]" name="newSoftAssertObject" is-config="true" duration-ms="0" started-at="2015-09-14T01:45:57Z" finished-at="2015-09-14T01:45:57Z">
          <reporter-output>
          </reporter-output>
        </test-method> <!-- newSoftAssertObject -->
        <test-method status="PASS" signature="test_OpenInboxMessage()[pri:0, instance:tests.Test_Functional_Main@1a5ff38]" name="test_OpenInboxMessage" duration-ms="4500" started-at="2015-09-14T01:45:57Z" description="As a User I can open inbox message from list" finished-at="2015-09-14T01:46:01Z">
          <reporter-output>
          </reporter-output>
        </test-method> <!-- test_OpenInboxMessage -->
        <test-method status="PASS" signature="test_ReplyToMessage()[pri:0, instance:tests.Test_Functional_Main@1a5ff38]" name="test_ReplyToMessage" duration-ms="10172" started-at="2015-09-14T01:46:01Z" description="As a User I can reply to inbox message" finished-at="2015-09-14T01:46:11Z">
          <reporter-output>
          </reporter-output>
        </test-method> <!-- test_ReplyToMessage -->
        <test-method status="PASS" signature="newSoftAssertObject()[pri:0, instance:tests.Test_Functional_Main@1a5ff38]" name="newSoftAssertObject" is-config="true" duration-ms="0" started-at="2015-09-14T01:46:01Z" finished-at="2015-09-14T01:46:01Z">
          <reporter-output>
          </reporter-output>
        </test-method> <!-- newSoftAssertObject -->
        <test-method status="PASS" signature="test_ForwardInboxMessage()[pri:0, instance:tests.Test_Functional_Main@1a5ff38]" name="test_ForwardInboxMessage" duration-ms="8469" started-at="2015-09-14T01:46:11Z" description="As a User I can forward inbox message" finished-at="2015-09-14T01:46:20Z">
          <reporter-output>
          </reporter-output>
        </test-method> <!-- test_ForwardInboxMessage -->
        <test-method status="PASS" signature="newSoftAssertObject()[pri:0, instance:tests.Test_Functional_Main@1a5ff38]" name="newSoftAssertObject" is-config="true" duration-ms="0" started-at="2015-09-14T01:46:11Z" finished-at="2015-09-14T01:46:11Z">
          <reporter-output>
          </reporter-output>
        </test-method> <!-- newSoftAssertObject -->
        <test-method status="PASS" signature="newSoftAssertObject()[pri:0, instance:tests.Test_Functional_Main@1a5ff38]" name="newSoftAssertObject" is-config="true" duration-ms="0" started-at="2015-09-14T01:46:20Z" finished-at="2015-09-14T01:46:20Z">
          <reporter-output>
          </reporter-output>
        </test-method> <!-- newSoftAssertObject -->
        <test-method status="PASS" signature="test_Read_And_Move_ToTrash()[pri:0, instance:tests.Test_Functional_Main@1a5ff38]" name="test_Read_And_Move_ToTrash" duration-ms="4625" started-at="2015-09-14T01:46:20Z" description="As a User I can move opened Inbox message to Trash immediately)" finished-at="2015-09-14T01:46:25Z">
          <reporter-output>
          </reporter-output>
        </test-method> <!-- test_Read_And_Move_ToTrash -->
        <test-method status="PASS" signature="test_Move_FromInboxList_ToTrash()[pri:0, instance:tests.Test_Functional_Main@1a5ff38]" name="test_Move_FromInboxList_ToTrash" duration-ms="3437" started-at="2015-09-14T01:46:25Z" description="As a User I can move a message to Trash from Inbox-list " finished-at="2015-09-14T01:46:28Z">
          <reporter-output>
          </reporter-output>
        </test-method> <!-- test_Move_FromInboxList_ToTrash -->
        <test-method status="PASS" signature="newSoftAssertObject()[pri:0, instance:tests.Test_Functional_Main@1a5ff38]" name="newSoftAssertObject" is-config="true" duration-ms="0" started-at="2015-09-14T01:46:25Z" finished-at="2015-09-14T01:46:25Z">
          <reporter-output>
          </reporter-output>
        </test-method> <!-- newSoftAssertObject -->
        <test-method status="PASS" signature="test_Recover_FromTrashList_ToInbox()[pri:0, instance:tests.Test_Functional_Main@1a5ff38]" name="test_Recover_FromTrashList_ToInbox" duration-ms="4203" started-at="2015-09-14T01:46:28Z" description="As a User I can recover message from Trash back to Inbox" finished-at="2015-09-14T01:46:32Z">
          <reporter-output>
          </reporter-output>
        </test-method> <!-- test_Recover_FromTrashList_ToInbox -->
        <test-method status="PASS" signature="newSoftAssertObject()[pri:0, instance:tests.Test_Functional_Main@1a5ff38]" name="newSoftAssertObject" is-config="true" duration-ms="0" started-at="2015-09-14T01:46:28Z" finished-at="2015-09-14T01:46:28Z">
          <reporter-output>
          </reporter-output>
        </test-method> <!-- newSoftAssertObject -->
        <test-method status="PASS" signature="newSoftAssertObject()[pri:0, instance:tests.Test_Functional_Main@1a5ff38]" name="newSoftAssertObject" is-config="true" duration-ms="0" started-at="2015-09-14T01:46:32Z" finished-at="2015-09-14T01:46:32Z">
          <reporter-output>
          </reporter-output>
        </test-method> <!-- newSoftAssertObject -->
        <test-method status="PASS" signature="test_Move_FromInboxList_ToSpam()[pri:0, instance:tests.Test_Functional_Main@1a5ff38]" name="test_Move_FromInboxList_ToSpam" duration-ms="3641" started-at="2015-09-14T01:46:32Z" description="As a User I can move a message to Spam directly from Inbox" finished-at="2015-09-14T01:46:36Z">
          <reporter-output>
          </reporter-output>
        </test-method> <!-- test_Move_FromInboxList_ToSpam -->
        <test-method status="PASS" signature="newSoftAssertObject()[pri:0, instance:tests.Test_Functional_Main@1a5ff38]" name="newSoftAssertObject" is-config="true" duration-ms="0" started-at="2015-09-14T01:46:36Z" finished-at="2015-09-14T01:46:36Z">
          <reporter-output>
          </reporter-output>
        </test-method> <!-- newSoftAssertObject -->
        <test-method status="PASS" signature="test_Recover_FromSpamList_ToInbox()[pri:0, instance:tests.Test_Functional_Main@1a5ff38]" name="test_Recover_FromSpamList_ToInbox" duration-ms="3750" started-at="2015-09-14T01:46:36Z" description="As a User I can recover message from Spam folder (back to Inbox)" finished-at="2015-09-14T01:46:40Z">
          <reporter-output>
          </reporter-output>
        </test-method> <!-- test_Recover_FromSpamList_ToInbox -->
        <test-method status="PASS" signature="test_DragAndDrop_InboxToSpam()[pri:0, instance:tests.Test_Functional_Main@1a5ff38]" name="test_DragAndDrop_InboxToSpam" duration-ms="5812" started-at="2015-09-14T01:46:40Z" description="As a User I can drag-n-drop selected message from Inbox to Spam folder)" finished-at="2015-09-14T01:46:45Z">
          <reporter-output>
          </reporter-output>
        </test-method> <!-- test_DragAndDrop_InboxToSpam -->
        <test-method status="PASS" signature="newSoftAssertObject()[pri:0, instance:tests.Test_Functional_Main@1a5ff38]" name="newSoftAssertObject" is-config="true" duration-ms="0" started-at="2015-09-14T01:46:40Z" finished-at="2015-09-14T01:46:40Z">
          <reporter-output>
          </reporter-output>
        </test-method> <!-- newSoftAssertObject -->
        <test-method status="PASS" signature="test_Send_With_Attachment()[pri:0, instance:tests.Test_Functional_Main@1a5ff38]" name="test_Send_With_Attachment" duration-ms="13250" started-at="2015-09-14T01:46:45Z" finished-at="2015-09-14T01:46:59Z">
          <reporter-output>
          </reporter-output>
        </test-method> <!-- test_Send_With_Attachment -->
        <test-method status="PASS" signature="newSoftAssertObject()[pri:0, instance:tests.Test_Functional_Main@1a5ff38]" name="newSoftAssertObject" is-config="true" duration-ms="0" started-at="2015-09-14T01:46:45Z" finished-at="2015-09-14T01:46:45Z">
          <reporter-output>
          </reporter-output>
        </test-method> <!-- newSoftAssertObject -->
      </class> <!-- tests.Test_Functional_Main -->
      <class name="tests.Test_Login">
        <test-method status="PASS" signature="setupDriver(java.lang.String)[pri:0, instance:tests.Test_Login@1fa12f6]" name="setupDriver" is-config="true" duration-ms="3969" started-at="2015-09-14T01:45:16Z" finished-at="2015-09-14T01:45:20Z">
          <params>
            <param index="0">
              <value>
                <![CDATA[firefox]]>
              </value>
            </param>
          </params>
          <reporter-output>
          </reporter-output>
        </test-method> <!-- setupDriver -->
        <test-method status="PASS" signature="setup()[pri:0, instance:tests.Test_Login@1fa12f6]" name="setup" is-config="true" duration-ms="0" started-at="2015-09-14T01:45:28Z" finished-at="2015-09-14T01:45:28Z">
          <reporter-output>
          </reporter-output>
        </test-method> <!-- setup -->
        <test-method status="PASS" signature="test_Login(java.lang.String, java.lang.String, java.lang.Boolean, java.lang.String)[pri:0, instance:tests.Test_Login@1fa12f6]" name="test_Login" duration-ms="4000" started-at="2015-09-14T01:45:28Z" description="As a User I can login only with valid credentials" data-provider="login" finished-at="2015-09-14T01:45:32Z">
          <params>
            <param index="0">
              <value>
                <![CDATA[tester0667804531]]>
              </value>
            </param>
            <param index="1">
              <value>
                <![CDATA[p455word]]>
              </value>
            </param>
            <param index="2">
              <value>
                <![CDATA[true]]>
              </value>
            </param>
            <param index="3">
              <value>
                <![CDATA[Valid credentials]]>
              </value>
            </param>
          </params>
          <reporter-output>
          </reporter-output>
        </test-method> <!-- test_Login -->
        <test-method status="PASS" signature="newSoftAssertObject()[pri:0, instance:tests.Test_Login@1fa12f6]" name="newSoftAssertObject" is-config="true" duration-ms="0" started-at="2015-09-14T01:45:28Z" finished-at="2015-09-14T01:45:28Z">
          <reporter-output>
          </reporter-output>
        </test-method> <!-- newSoftAssertObject -->
        <test-method status="PASS" signature="newSoftAssertObject()[pri:0, instance:tests.Test_Login@1fa12f6]" name="newSoftAssertObject" is-config="true" duration-ms="0" started-at="2015-09-14T01:45:32Z" finished-at="2015-09-14T01:45:32Z">
          <reporter-output>
          </reporter-output>
        </test-method> <!-- newSoftAssertObject -->
        <test-method status="PASS" signature="test_Login(java.lang.String, java.lang.String, java.lang.Boolean, java.lang.String)[pri:0, instance:tests.Test_Login@1fa12f6]" name="test_Login" duration-ms="1031" started-at="2015-09-14T01:45:32Z" description="As a User I can login only with valid credentials" data-provider="login" finished-at="2015-09-14T01:45:33Z">
          <params>
            <param index="0">
              <value>
                <![CDATA[tester0667804531]]>
              </value>
            </param>
            <param index="1">
              <value>
                <![CDATA[wrong_pass]]>
              </value>
            </param>
            <param index="2">
              <value>
                <![CDATA[false]]>
              </value>
            </param>
            <param index="3">
              <value>
                <![CDATA[Неверно указан логин или пароль. Подробнее]]>
              </value>
            </param>
          </params>
          <reporter-output>
          </reporter-output>
        </test-method> <!-- test_Login -->
        <test-method status="PASS" signature="test_Login(java.lang.String, java.lang.String, java.lang.Boolean, java.lang.String)[pri:0, instance:tests.Test_Login@1fa12f6]" name="test_Login" duration-ms="1000" started-at="2015-09-14T01:45:33Z" description="As a User I can login only with valid credentials" data-provider="login" finished-at="2015-09-14T01:45:34Z">
          <params>
            <param index="0">
              <value>
                <![CDATA[wrong_login_name]]>
              </value>
            </param>
            <param index="1">
              <value>
                <![CDATA[p455word]]>
              </value>
            </param>
            <param index="2">
              <value>
                <![CDATA[false]]>
              </value>
            </param>
            <param index="3">
              <value>
                <![CDATA[Неверно указан логин или пароль. Подробнее]]>
              </value>
            </param>
          </params>
          <reporter-output>
          </reporter-output>
        </test-method> <!-- test_Login -->
        <test-method status="PASS" signature="newSoftAssertObject()[pri:0, instance:tests.Test_Login@1fa12f6]" name="newSoftAssertObject" is-config="true" duration-ms="0" started-at="2015-09-14T01:45:33Z" finished-at="2015-09-14T01:45:33Z">
          <reporter-output>
          </reporter-output>
        </test-method> <!-- newSoftAssertObject -->
        <test-method status="PASS" signature="tearDownSuite()[pri:0, instance:tests.Test_Login@1fa12f6]" name="tearDownSuite" is-config="true" duration-ms="500" started-at="2015-09-14T01:46:59Z" finished-at="2015-09-14T01:46:59Z">
          <reporter-output>
          </reporter-output>
        </test-method> <!-- tearDownSuite -->
      </class> <!-- tests.Test_Login -->
      <class name="tests.Test_Registration">
        <test-method status="PASS" signature="setup()[pri:0, instance:tests.Test_Registration@1a4f43e]" name="setup" is-config="true" duration-ms="31" started-at="2015-09-14T01:45:20Z" finished-at="2015-09-14T01:45:20Z">
          <reporter-output>
          </reporter-output>
        </test-method> <!-- setup -->
        <test-method status="PASS" signature="testCheckRegistrationLinks()[pri:0, instance:tests.Test_Registration@1a4f43e]" name="testCheckRegistrationLinks" duration-ms="2235" started-at="2015-09-14T01:45:20Z" description="Checking registration links on the login page" finished-at="2015-09-14T01:45:22Z">
          <reporter-output>
          </reporter-output>
        </test-method> <!-- testCheckRegistrationLinks -->
        <test-method status="PASS" signature="newSoftAssertObject()[pri:0, instance:tests.Test_Registration@1a4f43e]" name="newSoftAssertObject" is-config="true" duration-ms="0" started-at="2015-09-14T01:45:20Z" finished-at="2015-09-14T01:45:20Z">
          <reporter-output>
          </reporter-output>
        </test-method> <!-- newSoftAssertObject -->
        <test-method status="PASS" signature="testRegPageEmptyFieldsErrorHandling()[pri:0, instance:tests.Test_Registration@1a4f43e]" name="testRegPageEmptyFieldsErrorHandling" duration-ms="968" started-at="2015-09-14T01:45:22Z" description="Checking error messages on the Registration page - &#039;Empty fields&#039;" finished-at="2015-09-14T01:45:23Z">
          <reporter-output>
          </reporter-output>
        </test-method> <!-- testRegPageEmptyFieldsErrorHandling -->
        <test-method status="PASS" signature="newSoftAssertObject()[pri:0, instance:tests.Test_Registration@1a4f43e]" name="newSoftAssertObject" is-config="true" duration-ms="0" started-at="2015-09-14T01:45:22Z" finished-at="2015-09-14T01:45:22Z">
          <reporter-output>
          </reporter-output>
        </test-method> <!-- newSoftAssertObject -->
        <test-method status="PASS" signature="newSoftAssertObject()[pri:0, instance:tests.Test_Registration@1a4f43e]" name="newSoftAssertObject" is-config="true" duration-ms="0" started-at="2015-09-14T01:45:23Z" finished-at="2015-09-14T01:45:23Z">
          <reporter-output>
          </reporter-output>
        </test-method> <!-- newSoftAssertObject -->
        <test-method status="FAIL" signature="testRegistration()[pri:0, instance:tests.Test_Registration@1a4f43e]" name="testRegistration" duration-ms="4469" started-at="2015-09-14T01:45:23Z" description="(Un)Successful registration" finished-at="2015-09-14T01:45:28Z">
          <exception class="org.openqa.selenium.NoSuchElementException">
            <message>
              <![CDATA[Unable to locate element: {"method":"css selector","selector":".signup-done__view>button"}
Command duration or timeout: 3.03 seconds
For documentation on this error, please visit: http://seleniumhq.org/exceptions/no_such_element.html
Build info: version: '2.47.1', revision: 'unknown', time: '2015-07-30 11:02:44'
System info: host: 'mib-84a305b9628', ip: '192.168.1.10', os.name: 'Windows XP', os.arch: 'x86', os.version: '5.1', java.version: '1.7.0_80'
*** Element info: {Using=css selector, value=.signup-done__view>button}
Session ID: c82f45c0-a3a7-4b8d-a689-b4ec4c937718
Driver info: org.openqa.selenium.firefox.FirefoxDriver
Capabilities [{platform=WINDOWS, acceptSslCerts=true, javascriptEnabled=true, cssSelectorsEnabled=true, databaseEnabled=true, browserName=firefox, handlesAlerts=true, nativeEvents=false, webStorageEnabled=true, rotatable=false, locationContextEnabled=true, applicationCacheEnabled=true, takesScreenshot=true, version=40.0.3}]]]>
            </message>
            <full-stacktrace>
              <![CDATA[org.openqa.selenium.NoSuchElementException: Unable to locate element: {"method":"css selector","selector":".signup-done__view>button"}
Command duration or timeout: 3.03 seconds
For documentation on this error, please visit: http://seleniumhq.org/exceptions/no_such_element.html
Build info: version: '2.47.1', revision: 'unknown', time: '2015-07-30 11:02:44'
System info: host: 'mib-84a305b9628', ip: '192.168.1.10', os.name: 'Windows XP', os.arch: 'x86', os.version: '5.1', java.version: '1.7.0_80'
*** Element info: {Using=css selector, value=.signup-done__view>button}
Session ID: c82f45c0-a3a7-4b8d-a689-b4ec4c937718
Driver info: org.openqa.selenium.firefox.FirefoxDriver
Capabilities [{platform=WINDOWS, acceptSslCerts=true, javascriptEnabled=true, cssSelectorsEnabled=true, databaseEnabled=true, browserName=firefox, handlesAlerts=true, nativeEvents=false, webStorageEnabled=true, rotatable=false, locationContextEnabled=true, applicationCacheEnabled=true, takesScreenshot=true, version=40.0.3}]
	at sun.reflect.NativeConstructorAccessorImpl.newInstance0(Native Method)
	at sun.reflect.NativeConstructorAccessorImpl.newInstance(Unknown Source)
	at sun.reflect.DelegatingConstructorAccessorImpl.newInstance(Unknown Source)
	at java.lang.reflect.Constructor.newInstance(Unknown Source)
	at org.openqa.selenium.remote.ErrorHandler.createThrowable(ErrorHandler.java:206)
	at org.openqa.selenium.remote.ErrorHandler.throwIfResponseFailed(ErrorHandler.java:158)
	at org.openqa.selenium.remote.RemoteWebDriver.execute(RemoteWebDriver.java:595)
	at org.openqa.selenium.remote.RemoteWebDriver.findElement(RemoteWebDriver.java:348)
	at org.openqa.selenium.remote.RemoteWebDriver.findElementByCssSelector(RemoteWebDriver.java:437)
	at org.openqa.selenium.By$ByCssSelector.findElement(By.java:426)
	at org.openqa.selenium.remote.RemoteWebDriver.findElement(RemoteWebDriver.java:340)
	at org.openqa.selenium.support.pagefactory.DefaultElementLocator.findElement(DefaultElementLocator.java:69)
	at org.openqa.selenium.support.pagefactory.internal.LocatingElementHandler.invoke(LocatingElementHandler.java:38)
	at com.sun.proxy.$Proxy10.isDisplayed(Unknown Source)
	at tests.Test_Registration.testRegistration(Test_Registration.java:65)
	at sun.reflect.NativeMethodAccessorImpl.invoke0(Native Method)
	at sun.reflect.NativeMethodAccessorImpl.invoke(Unknown Source)
	at sun.reflect.DelegatingMethodAccessorImpl.invoke(Unknown Source)
	at java.lang.reflect.Method.invoke(Unknown Source)
	at org.testng.internal.MethodInvocationHelper.invokeMethod(MethodInvocationHelper.java:85)
	at org.testng.internal.Invoker.invokeMethod(Invoker.java:659)
	at org.testng.internal.Invoker.invokeTestMethod(Invoker.java:845)
	at org.testng.internal.Invoker.invokeTestMethods(Invoker.java:1153)
	at org.testng.internal.TestMethodWorker.invokeTestMethods(TestMethodWorker.java:125)
	at org.testng.internal.TestMethodWorker.run(TestMethodWorker.java:108)
	at org.testng.TestRunner.privateRun(TestRunner.java:771)
	at org.testng.TestRunner.run(TestRunner.java:621)
	at org.testng.SuiteRunner.runTest(SuiteRunner.java:357)
	at org.testng.SuiteRunner.runSequentially(SuiteRunner.java:352)
	at org.testng.SuiteRunner.privateRun(SuiteRunner.java:310)
	at org.testng.SuiteRunner.run(SuiteRunner.java:259)
	at org.testng.SuiteRunnerWorker.runSuite(SuiteRunnerWorker.java:52)
	at org.testng.SuiteRunnerWorker.run(SuiteRunnerWorker.java:86)
	at org.testng.TestNG.runSuitesSequentially(TestNG.java:1199)
	at org.testng.TestNG.runSuitesLocally(TestNG.java:1124)
	at org.testng.TestNG.run(TestNG.java:1032)
	at org.testng.remote.RemoteTestNG.run(RemoteTestNG.java:111)
	at org.testng.remote.RemoteTestNG.initAndRun(RemoteTestNG.java:204)
	at org.testng.remote.RemoteTestNG.main(RemoteTestNG.java:175)
Caused by: org.openqa.selenium.NoSuchElementException: Unable to locate element: {"method":"css selector","selector":".signup-done__view>button"}
For documentation on this error, please visit: http://seleniumhq.org/exceptions/no_such_element.html
Build info: version: '2.47.1', revision: 'unknown', time: '2015-07-30 11:02:44'
System info: host: 'mib-84a305b9628', ip: '192.168.1.10', os.name: 'Windows XP', os.arch: 'x86', os.version: '5.1', java.version: '1.7.0_80'
Driver info: driver.version: unknown
	at <anonymous class>.FirefoxDriver.prototype.findElementInternal_(file:///J:/Temp/anonymous7080056401716269257webdriver-profile/extensions/fxdriver@googlecode.com/components/driver-component.js:10667)
	at <anonymous class>.fxdriver.Timer.prototype.setTimeout/<.notify(file:///J:/Temp/anonymous7080056401716269257webdriver-profile/extensions/fxdriver@googlecode.com/components/driver-component.js:623)
]]>
            </full-stacktrace>
          </exception> <!-- org.openqa.selenium.NoSuchElementException -->
          <reporter-output>
          </reporter-output>
        </test-method> <!-- testRegistration -->
      </class> <!-- tests.Test_Registration -->
    </test> <!-- Test -->
  </suite> <!-- SmokeTest -->
</testng-results>
