<?xml version="1.0" encoding="UTF-8"?>
<testng-results skipped="0" failed="0" total="1" passed="1">
  <reporter-output>
  </reporter-output>
  <suite name="Default suite" duration-ms="6375" started-at="2015-09-10T13:37:57Z" finished-at="2015-09-10T13:38:04Z">
    <groups>
    </groups>
    <test name="Default test" duration-ms="6375" started-at="2015-09-10T13:37:57Z" finished-at="2015-09-10T13:38:04Z">
      <class name="tests.SmokeTest">
        <test-method status="PASS" signature="setup()[pri:0, instance:tests.SmokeTest@bb2f6e]" name="setup" is-config="true" duration-ms="3688" started-at="2015-09-10T16:37:57Z" finished-at="2015-09-10T16:38:01Z">
          <reporter-output>
          </reporter-output>
        </test-method> <!-- setup -->
        <test-method status="PASS" signature="testCheckRegistrationLinks()[pri:0, instance:tests.SmokeTest@bb2f6e]" name="testCheckRegistrationLinks" duration-ms="2328" started-at="2015-09-10T16:38:01Z" description="Registration links should be equal and correct" finished-at="2015-09-10T16:38:03Z">
          <reporter-output>
          </reporter-output>
        </test-method> <!-- testCheckRegistrationLinks -->
        <test-method status="PASS" signature="newSoftAssertObject()[pri:0, instance:tests.SmokeTest@bb2f6e]" name="newSoftAssertObject" is-config="true" duration-ms="0" started-at="2015-09-10T16:38:01Z" finished-at="2015-09-10T16:38:01Z">
          <reporter-output>
          </reporter-output>
        </test-method> <!-- newSoftAssertObject -->
        <test-method status="PASS" signature="tearDown()[pri:0, instance:tests.SmokeTest@bb2f6e]" name="tearDown" is-config="true" duration-ms="343" started-at="2015-09-10T16:38:03Z" finished-at="2015-09-10T16:38:04Z">
          <reporter-output>
          </reporter-output>
        </test-method> <!-- tearDown -->
      </class> <!-- tests.SmokeTest -->
    </test> <!-- Default test -->
  </suite> <!-- Default suite -->
</testng-results>
